<?xml version="1.0" encoding="UTF-8"?>
<!-- Generated by org.testng.reporters.JUnitXMLReporter -->
<testsuite ignored="0" hostname="Ashu" failures="0" tests="4" name="Default test" time="11.336" errors="0" timestamp="2026-06-18T00:07:06 IST">
  <testcase classname="api.test.PetTests" name="testPetPost" time="4.486"/>
  <testcase classname="api.test.PetTests" name="testPetPost2" time="1.959"/>
  <testcase classname="api.test.PetTests" name="testPetPut" time="2.365"/>
  <testcase classname="api.test.PetTests" name="testFindPetByStatus" time="2.295"/>
</testsuite> <!-- Default test -->
