<?xml version="1.0" encoding="UTF-8"?>
<!-- Generated by org.testng.reporters.JUnitXMLReporter -->
<testsuite ignored="0" hostname="Ashu" failures="0" tests="6" name="Default test" time="19.888" errors="0" timestamp="2026-06-12T22:46:38 IST">
  <testcase classname="api.test.UserTest_DDT" name="testPostUser" time="5.74"/>
  <testcase classname="api.test.UserTest_DDT" name="testPostUser" time="2.349"/>
  <testcase classname="api.test.UserTest_DDT" name="testPostUser" time="2.349"/>
  <testcase classname="api.test.UserTest_DDT" name="testDeleteUser" time="2.398"/>
  <testcase classname="api.test.UserTest_DDT" name="testDeleteUser" time="2.563"/>
  <testcase classname="api.test.UserTest_DDT" name="testDeleteUser" time="1.882"/>
</testsuite> <!-- Default test -->
