<?xml version="1.0" encoding="UTF-8"?>
<testng-results ignored="0" total="4" passed="4" failed="0" skipped="0">
  <reporter-output>
  </reporter-output>
  <suite started-at="2026-06-13T11:24:05 IST" name="PetSuite" finished-at="2026-06-13T11:24:14 IST" duration-ms="8701">
    <groups>
    </groups>
    <test started-at="2026-06-13T11:24:05 IST" name="PetTests" finished-at="2026-06-13T11:24:14 IST" duration-ms="8701">
      <class name="api.test.UserTests2">
        <test-method is-config="true" signature="setup()[pri:0, instance:api.test.UserTests2@8f4ea7c]" started-at="2026-06-13T11:24:06 IST" name="setup" finished-at="2026-06-13T11:24:06 IST" duration-ms="201" status="PASS">
          <reporter-output>
          </reporter-output>
        </test-method> <!-- setup -->
        <test-method signature="testPostUser()[pri:1, instance:api.test.UserTests2@8f4ea7c]" started-at="2026-06-13T11:24:06 IST" name="testPostUser" finished-at="2026-06-13T11:24:09 IST" duration-ms="3457" status="PASS">
          <reporter-output>
          </reporter-output>
        </test-method> <!-- testPostUser -->
        <test-method signature="testGetUser()[pri:2, instance:api.test.UserTests2@8f4ea7c]" started-at="2026-06-13T11:24:09 IST" name="testGetUser" finished-at="2026-06-13T11:24:11 IST" duration-ms="1655" status="PASS">
          <reporter-output>
          </reporter-output>
        </test-method> <!-- testGetUser -->
        <test-method signature="testUpdateUser()[pri:3, instance:api.test.UserTests2@8f4ea7c]" started-at="2026-06-13T11:24:11 IST" name="testUpdateUser" finished-at="2026-06-13T11:24:12 IST" duration-ms="1598" status="PASS">
          <reporter-output>
          </reporter-output>
        </test-method> <!-- testUpdateUser -->
        <test-method signature="testDeleteUser()[pri:4, instance:api.test.UserTests2@8f4ea7c]" started-at="2026-06-13T11:24:12 IST" name="testDeleteUser" finished-at="2026-06-13T11:24:14 IST" duration-ms="1405" status="PASS">
          <reporter-output>
          </reporter-output>
        </test-method> <!-- testDeleteUser -->
      </class> <!-- api.test.UserTests2 -->
    </test> <!-- PetTests -->
  </suite> <!-- PetSuite -->
</testng-results>
