<?xml version="1.0" encoding="UTF-8"?>
<testng-results ignored="0" total="6" passed="6" failed="0" skipped="0">
  <reporter-output>
  </reporter-output>
  <suite started-at="2026-06-18T07:44:52 IST" name="PetSuite" finished-at="2026-06-18T07:45:06 IST" duration-ms="13738">
    <groups>
    </groups>
    <test started-at="2026-06-18T07:44:52 IST" name="PetTests" finished-at="2026-06-18T07:45:06 IST" duration-ms="13738">
      <class name="api.test.UserTests2">
        <test-method is-config="true" signature="setup()[pri:0, instance:api.test.UserTests2@2b662a77]" started-at="2026-06-18T07:44:53 IST" name="setup" finished-at="2026-06-18T07:44:53 IST" duration-ms="49" status="PASS">
          <reporter-output>
          </reporter-output>
        </test-method> <!-- setup -->
        <test-method signature="testLoginUser()[pri:5, instance:api.test.UserTests2@2b662a77]" started-at="2026-06-18T07:44:53 IST" name="testLoginUser" finished-at="2026-06-18T07:44:56 IST" duration-ms="3629" status="PASS">
          <reporter-output>
          </reporter-output>
        </test-method> <!-- testLoginUser -->
        <test-method signature="testLogoutUser()[pri:6, instance:api.test.UserTests2@2b662a77]" started-at="2026-06-18T07:44:57 IST" name="testLogoutUser" finished-at="2026-06-18T07:44:58 IST" duration-ms="1579" status="PASS">
          <reporter-output>
          </reporter-output>
        </test-method> <!-- testLogoutUser -->
      </class> <!-- api.test.UserTests2 -->
      <class name="api.test.PetTests">
        <test-method is-config="true" signature="setUp()[pri:0, instance:api.test.PetTests@6adbc9d]" started-at="2026-06-18T07:44:53 IST" name="setUp" finished-at="2026-06-18T07:44:53 IST" duration-ms="196" status="PASS">
          <reporter-output>
          </reporter-output>
        </test-method> <!-- setUp -->
        <test-method signature="testPetPost()[pri:1, instance:api.test.PetTests@6adbc9d]" started-at="2026-06-18T07:44:58 IST" name="testPetPost" finished-at="2026-06-18T07:45:01 IST" duration-ms="2597" status="PASS">
          <reporter-output>
          </reporter-output>
        </test-method> <!-- testPetPost -->
        <test-method signature="testPetPost2()[pri:2, instance:api.test.PetTests@6adbc9d]" started-at="2026-06-18T07:45:01 IST" name="testPetPost2" finished-at="2026-06-18T07:45:02 IST" duration-ms="1746" status="PASS">
          <reporter-output>
          </reporter-output>
        </test-method> <!-- testPetPost2 -->
        <test-method signature="testPetPut()[pri:3, instance:api.test.PetTests@6adbc9d]" started-at="2026-06-18T07:45:02 IST" name="testPetPut" finished-at="2026-06-18T07:45:04 IST" duration-ms="1512" status="PASS">
          <reporter-output>
          </reporter-output>
        </test-method> <!-- testPetPut -->
        <test-method signature="testFindPetByStatus()[pri:4, instance:api.test.PetTests@6adbc9d]" started-at="2026-06-18T07:45:04 IST" name="testFindPetByStatus" finished-at="2026-06-18T07:45:06 IST" duration-ms="2023" status="PASS">
          <reporter-output>
          </reporter-output>
        </test-method> <!-- testFindPetByStatus -->
      </class> <!-- api.test.PetTests -->
    </test> <!-- PetTests -->
  </suite> <!-- PetSuite -->
</testng-results>
