<?xml version="1.0" encoding="UTF-8"?>
<!-- Generated by org.testng.reporters.JUnitReportReporter -->
<testsuite hostname="Ashu" failures="0" tests="4" name="api.test.PetTests" time="7.878" errors="0" timestamp="2026-06-18T07:45:08 IST" skipped="0">
  <testcase classname="api.test.PetTests" name="testPetPost" time="2.597"/>
  <testcase classname="api.test.PetTests" name="testPetPost2" time="1.746"/>
  <testcase classname="api.test.PetTests" name="testPetPut" time="1.512"/>
  <testcase classname="api.test.PetTests" name="testFindPetByStatus" time="2.023"/>
</testsuite> <!-- api.test.PetTests -->
