<?xml version="1.0" encoding="UTF-8"?>
<!-- Generated by org.testng.reporters.JUnitReportReporter -->
<testsuite hostname="Ashu" failures="0" tests="6" name="api.test.UserTest_DDT" time="17.281" errors="0" timestamp="2026-06-12T22:46:38 IST" skipped="0">
  <testcase classname="api.test.UserTest_DDT" name="testPostUser" time="2.349"/>
  <testcase classname="api.test.UserTest_DDT" name="testPostUser" time="2.349"/>
  <testcase classname="api.test.UserTest_DDT" name="testPostUser" time="5.740"/>
  <testcase classname="api.test.UserTest_DDT" name="testDeleteUser" time="2.563"/>
  <testcase classname="api.test.UserTest_DDT" name="testDeleteUser" time="1.882"/>
  <testcase classname="api.test.UserTest_DDT" name="testDeleteUser" time="2.398"/>
</testsuite> <!-- api.test.UserTest_DDT -->
