<?xml version="1.0" encoding="UTF-8"?>
<!-- Generated by org.testng.reporters.JUnitReportReporter -->
<testsuite hostname="Ashu" failures="0" tests="4" name="api.test.UserTests2" time="8.115" errors="0" timestamp="2026-06-13T11:24:15 IST" skipped="0">
  <testcase classname="api.test.UserTests2" name="testPostUser" time="3.457"/>
  <testcase classname="api.test.UserTests2" name="testGetUser" time="1.655"/>
  <testcase classname="api.test.UserTests2" name="testUpdateUser" time="1.598"/>
  <testcase classname="api.test.UserTests2" name="testDeleteUser" time="1.405"/>
</testsuite> <!-- api.test.UserTests2 -->
