<?xml version="1.0" encoding="UTF-8"?>
<!-- Generated by org.testng.reporters.JUnitReportReporter -->
<testsuite hostname="Ashu" failures="0" tests="4" name="api.test.UserTests" time="12.770" errors="0" timestamp="2026-06-13T00:10:48 IST" skipped="0">
  <testcase classname="api.test.UserTests" name="testPostUser" time="5.567"/>
  <testcase classname="api.test.UserTests" name="testGetUser" time="3.223"/>
  <testcase classname="api.test.UserTests" name="testUpdateUser" time="2.062"/>
  <testcase classname="api.test.UserTests" name="testDeleteUser" time="1.918"/>
</testsuite> <!-- api.test.UserTests -->
