<?xml version="1.0" encoding="UTF-8"?>
<!-- Generated by org.testng.reporters.JUnitReportReporter -->
<testsuite hostname="Ashu" failures="0" tests="3" name="api.test.UserTest_DDT" time="15.135" errors="0" timestamp="2026-06-15T20:46:11 IST" skipped="0">
  <testcase classname="api.test.UserTest_DDT" name="testLoginLogoutUser" time="3.882"/>
  <testcase classname="api.test.UserTest_DDT" name="testLoginLogoutUser" time="7.524"/>
  <testcase classname="api.test.UserTest_DDT" name="testLoginLogoutUser" time="3.729"/>
</testsuite> <!-- api.test.UserTest_DDT -->
