<?xml version="1.0" encoding="UTF-8"?>
<!-- Generated by org.testng.reporters.JUnitXMLReporter -->
<testsuite ignored="0" hostname="Ashu" failures="0" tests="6" name="PetTests" time="13.738" errors="0" timestamp="2026-06-18T07:45:08 IST">
  <testcase classname="api.test.UserTests2" name="testLoginUser" time="3.629"/>
  <testcase classname="api.test.UserTests2" name="testLogoutUser" time="1.579"/>
  <testcase classname="api.test.PetTests" name="testPetPost" time="2.597"/>
  <testcase classname="api.test.PetTests" name="testPetPost2" time="1.746"/>
  <testcase classname="api.test.PetTests" name="testPetPut" time="1.512"/>
  <testcase classname="api.test.PetTests" name="testFindPetByStatus" time="2.023"/>
</testsuite> <!-- PetTests -->
