<?xml version="1.0" encoding="UTF-8"?>
<!-- Generated by org.testng.reporters.JUnitXMLReporter -->
<testsuite ignored="0" hostname="Ashu" failures="0" tests="4" name="PetTests" time="8.701" errors="0" timestamp="2026-06-13T11:24:15 IST">
  <testcase classname="api.test.UserTests2" name="testPostUser" time="3.457"/>
  <testcase classname="api.test.UserTests2" name="testGetUser" time="1.655"/>
  <testcase classname="api.test.UserTests2" name="testUpdateUser" time="1.598"/>
  <testcase classname="api.test.UserTests2" name="testDeleteUser" time="1.405"/>
</testsuite> <!-- PetTests -->
